[03:13:17] [Client thread/INFO]: Setting user: System.Windows.Forms.TextBox,
[03:13:17] [Client thread/INFO]: (Session ID is token:null:c6973df57c7141f9aa85c392d3332c2c)
[03:13:19] [Client thread/WARN]: Skipping bad option: key_key.attack:key.mouse.left
[03:13:19] [Client thread/WARN]: Skipping bad option: key_key.use:key.mouse.right
[03:13:19] [Client thread/WARN]: Skipping bad option: key_key.forward:key.keyboard.w
[03:13:19] [Client thread/WARN]: Skipping bad option: key_key.left:key.keyboard.a
[03:13:19] [Client thread/WARN]: Skipping bad option: key_key.back:key.keyboard.s
[03:13:19] [Client thread/WARN]: Skipping bad option: key_key.right:key.keyboard.d
[03:13:19] [Client thread/WARN]: Skipping bad option: key_key.jump:key.keyboard.space
[03:13:19] [Client thread/WARN]: Skipping bad option: key_key.sneak:key.keyboard.left.shift
[03:13:19] [Client thread/WARN]: Skipping bad option: key_key.sprint:key.keyboard.left.control
[03:13:19] [Client thread/WARN]: Skipping bad option: key_key.drop:key.keyboard.q
[03:13:19] [Client thread/WARN]: Skipping bad option: key_key.inventory:key.keyboard.e
[03:13:19] [Client thread/WARN]: Skipping bad option: key_key.chat:key.keyboard.t
[03:13:19] [Client thread/WARN]: Skipping bad option: key_key.playerlist:key.keyboard.tab
[03:13:19] [Client thread/WARN]: Skipping bad option: key_key.pickItem:key.mouse.middle
[03:13:19] [Client thread/WARN]: Skipping bad option: key_key.command:key.keyboard.slash
[03:13:19] [Client thread/WARN]: Skipping bad option: key_key.screenshot:key.keyboard.f2
[03:13:19] [Client thread/WARN]: Skipping bad option: key_key.togglePerspective:key.keyboard.f5
[03:13:19] [Client thread/WARN]: Skipping bad option: key_key.smoothCamera:key.keyboard.unknown
[03:13:19] [Client thread/WARN]: Skipping bad option: key_key.fullscreen:key.keyboard.f11
[03:13:19] [Client thread/WARN]: Skipping bad option: key_key.spectatorOutlines:key.keyboard.unknown
[03:13:19] [Client thread/WARN]: Skipping bad option: key_key.hotbar.1:key.keyboard.1
[03:13:19] [Client thread/WARN]: Skipping bad option: key_key.hotbar.2:key.keyboard.2
[03:13:19] [Client thread/WARN]: Skipping bad option: key_key.hotbar.3:key.keyboard.3
[03:13:19] [Client thread/WARN]: Skipping bad option: key_key.hotbar.4:key.keyboard.4
[03:13:19] [Client thread/WARN]: Skipping bad option: key_key.hotbar.5:key.keyboard.5
[03:13:19] [Client thread/WARN]: Skipping bad option: key_key.hotbar.6:key.keyboard.6
[03:13:19] [Client thread/WARN]: Skipping bad option: key_key.hotbar.7:key.keyboard.7
[03:13:19] [Client thread/WARN]: Skipping bad option: key_key.hotbar.8:key.keyboard.8
[03:13:19] [Client thread/WARN]: Skipping bad option: key_key.hotbar.9:key.keyboard.9
[03:13:19] [Client thread/INFO]: LWJGL Version: 2.9.1
[03:13:19] [Client thread/INFO]: Reloading ResourceManager: Default
[03:13:19] [Sound Library Loader/INFO]: Starting up SoundSystem...
[03:13:19] [Thread-4/INFO]: Initializing LWJGL OpenAL
[03:13:19] [Thread-4/INFO]: (The LWJGL binding of OpenAL.  For more information, see http://www.lwjgl.org)
[03:13:20] [Thread-4/INFO]: OpenAL initialized.
[03:13:20] [Sound Library Loader/INFO]: Sound engine started
[03:13:21] [Client thread/INFO]: Created: 512x512 textures-atlas
[03:13:26] [Client thread/INFO]: Stopping!
[03:13:26] [Client thread/INFO]: SoundSystem shutting down...
[03:13:26] [Client thread/WARN]: Author: Paul Lamb, www.paulscode.com
